<?xml version="1.0" encoding="UTF-8"?>
<testsuite name="agh.ii.prinjava.lab04.exc04_02.impl.MyStackDLLBImplTest" tests="1" skipped="0" failures="0" errors="0" timestamp="2022-03-04T00:59:40" hostname="DESKTOP-22QSF2T" time="0.001">
  <properties/>
  <testcase name="newStackIsEmpty()" classname="agh.ii.prinjava.lab04.exc04_02.impl.MyStackDLLBImplTest" time="0.001"/>
  <system-out><![CDATA[]]></system-out>
  <system-err><![CDATA[]]></system-err>
</testsuite>
