<?xml version="1.0" encoding="UTF-8"?>
<testsuite name="agh.ii.prinjava.proj1.impl.MyStackDLLBImplTest" tests="4" skipped="0" failures="0" errors="0" timestamp="2022-03-11T11:45:56" hostname="DESKTOP-22QSF2T" time="0.016">
  <properties/>
  <testcase name="numOfElems()" classname="agh.ii.prinjava.proj1.impl.MyStackDLLBImplTest" time="0.013"/>
  <testcase name="pop()" classname="agh.ii.prinjava.proj1.impl.MyStackDLLBImplTest" time="0.001"/>
  <testcase name="peek()" classname="agh.ii.prinjava.proj1.impl.MyStackDLLBImplTest" time="0.001"/>
  <testcase name="push()" classname="agh.ii.prinjava.proj1.impl.MyStackDLLBImplTest" time="0.0"/>
  <system-out><![CDATA[]]></system-out>
  <system-err><![CDATA[]]></system-err>
</testsuite>
